c:\users\leona\github\teapot\debug\vc142.pdb
c:\users\leona\github\teapot\debug\win_socket.obj
c:\users\leona\github\teapot\debug\utils.obj
c:\users\leona\github\teapot\debug\unix_socket.obj
c:\users\leona\github\teapot\debug\teapot.obj
c:\users\leona\github\teapot\debug\security_middleware.obj
c:\users\leona\github\teapot\debug\sanitizer_middleware.obj
c:\users\leona\github\teapot\debug\response.obj
c:\users\leona\github\teapot\debug\request.obj
c:\users\leona\github\teapot\debug\main.obj
c:\users\leona\github\teapot\debug\http_status.obj
c:\users\leona\github\teapot\debug\cors_middleware.obj
c:\users\leona\github\teapot\debug\teapot.ilk
c:\users\leona\github\teapot\debug\teapot.exe
c:\users\leona\github\teapot\debug\teapot.pdb
c:\users\leona\github\teapot\debug\teapot.tlog\cl.command.1.tlog
c:\users\leona\github\teapot\debug\teapot.tlog\cl.read.1.tlog
c:\users\leona\github\teapot\debug\teapot.tlog\cl.write.1.tlog
c:\users\leona\github\teapot\debug\teapot.tlog\link.command.1.tlog
c:\users\leona\github\teapot\debug\teapot.tlog\link.read.1.tlog
c:\users\leona\github\teapot\debug\teapot.tlog\link.write.1.tlog
